Arguments: 
  /usr/local/Cellar/node/9.3.0_1/bin/node /Users/drewpeterson/.yarn/bin/yarn.js add graphql-tags

PATH: 
  /Users/drewpeterson/.yarn/bin:/Users/drewpeterson/.config/yarn/global/node_modules/.bin:/Users/drewpeterson/workspace/flutter/bin:/Users/drewpeterson/anaconda3/bin:/usr/local/bin:/usr/bin:/bin:/usr/sbin:/sbin:/opt/X11/bin:/Users/drewpeterson/.yarn/bin:/Users/drewpeterson/.config/yarn/global/node_modules/.bin:/Users/drewpeterson/workspace/flutter/bin:/Users/drewpeterson/anaconda3/bin

Yarn version: 
  1.7.0

Node version: 
  9.3.0

Platform: 
  darwin x64

Trace: 
  Error: https://registry.yarnpkg.com/graphql-tags: Not found
      at Request.params.callback [as _callback] (/Users/drewpeterson/.yarn/lib/cli.js:65656:18)
      at Request.self.callback (/Users/drewpeterson/.yarn/lib/cli.js:134675:22)
      at Request.emit (events.js:159:13)
      at Request.<anonymous> (/Users/drewpeterson/.yarn/lib/cli.js:135658:10)
      at Request.emit (events.js:159:13)
      at IncomingMessage.<anonymous> (/Users/drewpeterson/.yarn/lib/cli.js:135578:12)
      at Object.onceWrapper (events.js:254:19)
      at IncomingMessage.emit (events.js:164:20)
      at endReadableNT (_stream_readable.js:1062:12)
      at process._tickCallback (internal/process/next_tick.js:152:19)

npm manifest: 
  No manifest

yarn manifest: 
  No manifest

Lockfile: 
  No lockfile
